<?xml version="1.0" encoding="UTF-8"?>
<!-- Generated by org.testng.reporters.JUnitReportReporter -->
<testsuite skipped="0" hostname="DESKTOP-4FMUS56" name="com.MarshPanel.TestCases.TC_LoginTest_003" tests="1" failures="0" timestamp="2020-04-09T13:44:22 IST" time="11.792" errors="0">
  <testcase name="loginTest" time="11.792" classname="com.MarshPanel.TestCases.TC_LoginTest_003"/>
  <system-out/>
</testsuite> <!-- com.MarshPanel.TestCases.TC_LoginTest_003 -->
