<?xml version="1.0" encoding="UTF-8"?>
<!-- Generated by org.testng.reporters.JUnitReportReporter -->
<testsuite skipped="0" hostname="DESKTOP-4FMUS56" name="com.MarshPanel.TestCases.TC_ProfileValidation_001" tests="2" failures="0" timestamp="2020-04-08T18:32:29 IST" time="6.812" errors="0">
  <testcase name="chapwd" time="1.370" classname="com.MarshPanel.TestCases.TC_ProfileValidation_001"/>
  <system-out/>
  <testcase name="ProVal" time="5.442" classname="com.MarshPanel.TestCases.TC_ProfileValidation_001"/>
  <system-out/>
</testsuite> <!-- com.MarshPanel.TestCases.TC_ProfileValidation_001 -->
