<?xml version="1.0" encoding="UTF-8"?>
<!-- Generated by org.testng.reporters.JUnitReportReporter -->
<testsuite skipped="0" hostname="DESKTOP-4FMUS56" name="com.MarshPanel.TestCases.TC_LoginTest_001" tests="2" failures="0" timestamp="2020-04-08T12:35:40 IST" time="5.258" errors="0">
  <testcase name="logintest" time="2.202" classname="com.MarshPanel.TestCases.TC_LoginTest_001"/>
  <system-out/>
  <testcase name="logintest" time="3.056" classname="com.MarshPanel.TestCases.TC_LoginTest_001"/>
  <system-out/>
</testsuite> <!-- com.MarshPanel.TestCases.TC_LoginTest_001 -->
